2023-04-03 19:37:47,669 INFO    StreamThr :15812 [internal.py:wandb_internal():87] W&B internal server running at pid: 15812, started at: 2023-04-03 19:37:47.669344
2023-04-03 19:37:47,671 DEBUG   HandlerThread:15812 [handler.py:handle_request():144] handle_request: status
2023-04-03 19:37:47,698 INFO    WriterThread:15812 [datastore.py:open_for_write():85] open: D:\PycharmProjects\PPOimplementation\wandb\run-20230403_193747-o5ilmbe5\run-o5ilmbe5.wandb
2023-04-03 19:37:47,699 DEBUG   SenderThread:15812 [sender.py:send():336] send: header
2023-04-03 19:37:47,747 DEBUG   SenderThread:15812 [sender.py:send():336] send: run
2023-04-03 19:37:52,782 DEBUG   HandlerThread:15812 [handler.py:handle_request():144] handle_request: keepalive
2023-04-03 19:37:57,826 DEBUG   HandlerThread:15812 [handler.py:handle_request():144] handle_request: keepalive
2023-04-03 19:38:00,325 INFO    SenderThread:15812 [dir_watcher.py:__init__():219] watching files in: D:\PycharmProjects\PPOimplementation\wandb\run-20230403_193747-o5ilmbe5\files
2023-04-03 19:38:00,325 INFO    SenderThread:15812 [sender.py:_start_run_threads():1078] run started: o5ilmbe5 with start time 1680521867.674329
2023-04-03 19:38:00,326 DEBUG   HandlerThread:15812 [handler.py:handle_request():144] handle_request: status_report
2023-04-03 19:38:00,333 DEBUG   SenderThread:15812 [sender.py:send_request():363] send_request: summary_record
2023-04-03 19:38:00,338 INFO    SenderThread:15812 [sender.py:_save_file():1332] saving file wandb-summary.json with policy end
2023-04-03 19:38:00,340 DEBUG   HandlerThread:15812 [handler.py:handle_request():144] handle_request: check_version
2023-04-03 19:38:00,340 DEBUG   SenderThread:15812 [sender.py:send_request():363] send_request: check_version
2023-04-03 19:38:01,027 DEBUG   HandlerThread:15812 [handler.py:handle_request():144] handle_request: run_start
2023-04-03 19:38:01,036 DEBUG   HandlerThread:15812 [system_info.py:__init__():31] System info init
2023-04-03 19:38:01,036 DEBUG   HandlerThread:15812 [system_info.py:__init__():46] System info init done
2023-04-03 19:38:01,036 INFO    HandlerThread:15812 [system_monitor.py:start():183] Starting system monitor
2023-04-03 19:38:01,036 INFO    SystemMonitor:15812 [system_monitor.py:_start():147] Starting system asset monitoring threads
2023-04-03 19:38:01,037 INFO    HandlerThread:15812 [system_monitor.py:probe():204] Collecting system info
2023-04-03 19:38:01,039 INFO    SystemMonitor:15812 [interfaces.py:start():187] Started cpu monitoring
2023-04-03 19:38:01,040 DEBUG   HandlerThread:15812 [system_info.py:probe():195] Probing system
2023-04-03 19:38:01,040 INFO    SystemMonitor:15812 [interfaces.py:start():187] Started disk monitoring
2023-04-03 19:38:01,041 INFO    SystemMonitor:15812 [interfaces.py:start():187] Started memory monitoring
2023-04-03 19:38:01,049 INFO    SystemMonitor:15812 [interfaces.py:start():187] Started network monitoring
2023-04-03 19:38:01,049 DEBUG   HandlerThread:15812 [system_info.py:_probe_git():180] Probing git
2023-04-03 19:38:01,143 DEBUG   HandlerThread:15812 [system_info.py:_probe_git():188] Probing git done
2023-04-03 19:38:01,143 DEBUG   HandlerThread:15812 [system_info.py:probe():240] Probing system done
2023-04-03 19:38:01,143 DEBUG   HandlerThread:15812 [system_monitor.py:probe():213] {'os': 'Windows-10-10.0.19044-SP0', 'python': '3.8.13', 'heartbeatAt': '2023-04-03T11:38:01.040567', 'startedAt': '2023-04-03T11:37:47.623878', 'docker': None, 'cuda': None, 'args': (), 'state': 'running', 'program': 'D:\\PycharmProjects\\PPOimplementation\\PPOmain.py', 'codePath': 'PPOmain.py', 'git': {'remote': 'https://github.com/Porthoos/PPOimplementation.git', 'commit': 'f7da1d2e972f23e8cc5a228cce357bd0af524f60'}, 'email': 'aramiis@163.com', 'root': 'D:/PycharmProjects/PPOimplementation', 'host': 'DESKTOP-RPOI2A1', 'username': 'JinLab', 'executable': 'D:\\anaconda3\\envs\\STAR_DEPLOY\\python.exe', 'cpu_count': 4, 'cpu_count_logical': 8, 'cpu_freq': {'current': 3408.0, 'min': 0.0, 'max': 3408.0}, 'cpu_freq_per_core': [{'current': 3408.0, 'min': 0.0, 'max': 3408.0}], 'disk': {'total': 931.5097618103027, 'used': 37.415714263916016}, 'memory': {'total': 15.909587860107422}}
2023-04-03 19:38:01,143 INFO    HandlerThread:15812 [system_monitor.py:probe():214] Finished collecting system info
2023-04-03 19:38:01,143 INFO    HandlerThread:15812 [system_monitor.py:probe():217] Publishing system info
2023-04-03 19:38:01,143 DEBUG   HandlerThread:15812 [system_info.py:_save_pip():51] Saving list of pip packages installed into the current environment
2023-04-03 19:38:01,144 DEBUG   HandlerThread:15812 [system_info.py:_save_pip():67] Saving pip packages done
2023-04-03 19:38:01,144 DEBUG   HandlerThread:15812 [system_info.py:_save_conda():74] Saving list of conda packages installed into the current environment
2023-04-03 19:38:01,339 INFO    Thread-17 :15812 [dir_watcher.py:_on_file_created():278] file/dir created: D:\PycharmProjects\PPOimplementation\wandb\run-20230403_193747-o5ilmbe5\files\wandb-summary.json
2023-04-03 19:38:01,339 INFO    Thread-17 :15812 [dir_watcher.py:_on_file_created():278] file/dir created: D:\PycharmProjects\PPOimplementation\wandb\run-20230403_193747-o5ilmbe5\files\requirements.txt
2023-04-03 19:38:01,340 INFO    Thread-17 :15812 [dir_watcher.py:_on_file_created():278] file/dir created: D:\PycharmProjects\PPOimplementation\wandb\run-20230403_193747-o5ilmbe5\files\conda-environment.yaml
2023-04-03 19:38:07,699 DEBUG   HandlerThread:15812 [system_info.py:_save_conda():86] Saving conda packages done
2023-04-03 19:38:07,699 DEBUG   HandlerThread:15812 [system_info.py:_save_code():89] Saving code
2023-04-03 19:38:07,755 DEBUG   HandlerThread:15812 [system_info.py:_save_code():110] Saving code done
2023-04-03 19:38:07,755 DEBUG   HandlerThread:15812 [system_info.py:_save_patches():127] Saving git patches
2023-04-03 19:38:07,985 DEBUG   HandlerThread:15812 [system_info.py:_save_patches():169] Saving git patches done
2023-04-03 19:38:07,986 INFO    HandlerThread:15812 [system_monitor.py:probe():219] Finished publishing system info
2023-04-03 19:38:07,997 DEBUG   HandlerThread:15812 [handler.py:handle_request():144] handle_request: status_report
2023-04-03 19:38:07,998 DEBUG   HandlerThread:15812 [handler.py:handle_request():144] handle_request: keepalive
2023-04-03 19:38:07,998 DEBUG   SenderThread:15812 [sender.py:send():336] send: files
2023-04-03 19:38:07,998 INFO    SenderThread:15812 [sender.py:_save_file():1332] saving file wandb-metadata.json with policy now
2023-04-03 19:38:07,999 INFO    SenderThread:15812 [sender.py:_save_file():1332] saving file code\PPOmain.py with policy now
2023-04-03 19:38:08,006 DEBUG   HandlerThread:15812 [handler.py:handle_request():144] handle_request: stop_status
2023-04-03 19:38:08,006 DEBUG   SenderThread:15812 [sender.py:send_request():363] send_request: stop_status
2023-04-03 19:38:08,009 INFO    HandlerThread:15812 [handler.py:handle_tbrecord():747] handling tbrecord: tbrecord {
  log_dir: "runs/gym_STAR/My_Env-v1__PPOmain__1__1680521862"
  save: true
}
control {
  relay_id: "e46196fe9eb34af7ba64c9ea8ec46fcd"
}
_info {
  stream_id: "o5ilmbe5"
}

2023-04-03 19:38:08,010 DEBUG   HandlerThread:15812 [config_util.py:dict_from_config_file():103] no default config file found in config-defaults.yaml
2023-04-03 19:38:08,366 DEBUG   SenderThread:15812 [sender.py:send():336] send: telemetry
2023-04-03 19:38:08,366 DEBUG   SenderThread:15812 [sender.py:send():336] send: tbrecord
2023-04-03 19:38:08,390 INFO    Thread-17 :15812 [dir_watcher.py:_on_file_modified():295] file/dir modified: D:\PycharmProjects\PPOimplementation\wandb\run-20230403_193747-o5ilmbe5\files\conda-environment.yaml
2023-04-03 19:38:08,391 INFO    Thread-17 :15812 [dir_watcher.py:_on_file_created():278] file/dir created: D:\PycharmProjects\PPOimplementation\wandb\run-20230403_193747-o5ilmbe5\files\wandb-metadata.json
2023-04-03 19:38:08,392 INFO    Thread-17 :15812 [dir_watcher.py:_on_file_created():278] file/dir created: D:\PycharmProjects\PPOimplementation\wandb\run-20230403_193747-o5ilmbe5\files\code\PPOmain.py
2023-04-03 19:38:08,392 INFO    Thread-17 :15812 [dir_watcher.py:_on_file_created():278] file/dir created: D:\PycharmProjects\PPOimplementation\wandb\run-20230403_193747-o5ilmbe5\files\code
2023-04-03 19:38:08,617 INFO    wandb-upload_1:15812 [upload_job.py:push():118] Skipped uploading C:\Users\JinLab\AppData\Local\Temp\tmp0lrpbu1uwandb\k89lyxgx-code/PPOmain.py
2023-04-03 19:38:09,002 DEBUG   SenderThread:15812 [sender.py:send():336] send: exit
2023-04-03 19:38:09,002 INFO    SenderThread:15812 [sender.py:send_exit():559] handling exit code: 1
2023-04-03 19:38:09,002 INFO    SenderThread:15812 [sender.py:send_exit():561] handling runtime: 7
2023-04-03 19:38:09,004 INFO    SenderThread:15812 [sender.py:_save_file():1332] saving file wandb-summary.json with policy end
2023-04-03 19:38:09,005 INFO    SenderThread:15812 [sender.py:send_exit():567] send defer
2023-04-03 19:38:09,005 DEBUG   HandlerThread:15812 [handler.py:handle_request():144] handle_request: defer
2023-04-03 19:38:09,005 INFO    HandlerThread:15812 [handler.py:handle_request_defer():170] handle defer: 0
2023-04-03 19:38:09,006 DEBUG   SenderThread:15812 [sender.py:send_request():363] send_request: defer
2023-04-03 19:38:09,006 INFO    SenderThread:15812 [sender.py:send_request_defer():583] handle sender defer: 0
2023-04-03 19:38:09,006 INFO    SenderThread:15812 [sender.py:transition_state():587] send defer: 1
2023-04-03 19:38:09,007 DEBUG   HandlerThread:15812 [handler.py:handle_request():144] handle_request: defer
2023-04-03 19:38:09,007 INFO    HandlerThread:15812 [handler.py:handle_request_defer():170] handle defer: 1
2023-04-03 19:38:09,007 DEBUG   SenderThread:15812 [sender.py:send_request():363] send_request: defer
2023-04-03 19:38:09,007 INFO    SenderThread:15812 [sender.py:send_request_defer():583] handle sender defer: 1
2023-04-03 19:38:09,007 INFO    SenderThread:15812 [sender.py:transition_state():587] send defer: 2
2023-04-03 19:38:09,007 DEBUG   HandlerThread:15812 [handler.py:handle_request():144] handle_request: defer
2023-04-03 19:38:09,008 INFO    HandlerThread:15812 [handler.py:handle_request_defer():170] handle defer: 2
2023-04-03 19:38:09,008 INFO    HandlerThread:15812 [system_monitor.py:finish():193] Stopping system monitor
2023-04-03 19:38:09,008 DEBUG   SystemMonitor:15812 [system_monitor.py:_start():161] Starting system metrics aggregation loop
2023-04-03 19:38:09,009 DEBUG   SystemMonitor:15812 [system_monitor.py:_start():168] Finished system metrics aggregation loop
2023-04-03 19:38:09,009 DEBUG   SystemMonitor:15812 [system_monitor.py:_start():172] Publishing last batch of metrics
2023-04-03 19:38:09,010 INFO    HandlerThread:15812 [interfaces.py:finish():199] Joined cpu monitor
2023-04-03 19:38:09,011 INFO    HandlerThread:15812 [interfaces.py:finish():199] Joined disk monitor
2023-04-03 19:38:09,011 INFO    HandlerThread:15812 [interfaces.py:finish():199] Joined memory monitor
2023-04-03 19:38:09,011 INFO    HandlerThread:15812 [interfaces.py:finish():199] Joined network monitor
2023-04-03 19:38:09,011 DEBUG   SenderThread:15812 [sender.py:send_request():363] send_request: defer
2023-04-03 19:38:09,012 INFO    SenderThread:15812 [sender.py:send_request_defer():583] handle sender defer: 2
2023-04-03 19:38:09,012 INFO    SenderThread:15812 [sender.py:transition_state():587] send defer: 3
2023-04-03 19:38:09,012 DEBUG   SenderThread:15812 [sender.py:send():336] send: stats
2023-04-03 19:38:09,012 DEBUG   HandlerThread:15812 [handler.py:handle_request():144] handle_request: defer
2023-04-03 19:38:09,012 INFO    HandlerThread:15812 [handler.py:handle_request_defer():170] handle defer: 3
2023-04-03 19:38:09,013 DEBUG   SenderThread:15812 [sender.py:send_request():363] send_request: defer
2023-04-03 19:38:09,013 INFO    SenderThread:15812 [sender.py:send_request_defer():583] handle sender defer: 3
2023-04-03 19:38:09,013 INFO    SenderThread:15812 [sender.py:transition_state():587] send defer: 4
2023-04-03 19:38:09,013 DEBUG   HandlerThread:15812 [handler.py:handle_request():144] handle_request: defer
2023-04-03 19:38:09,013 INFO    HandlerThread:15812 [handler.py:handle_request_defer():170] handle defer: 4
2023-04-03 19:38:09,172 INFO    wandb-upload_0:15812 [upload_job.py:push():138] Uploaded file C:\Users\JinLab\AppData\Local\Temp\tmp0lrpbu1uwandb\ylezphe4-wandb-metadata.json
2023-04-03 19:38:09,398 INFO    Thread-17 :15812 [dir_watcher.py:_on_file_modified():295] file/dir modified: D:\PycharmProjects\PPOimplementation\wandb\run-20230403_193747-o5ilmbe5\files\wandb-summary.json
2023-04-03 19:38:09,398 INFO    Thread-17 :15812 [dir_watcher.py:_on_file_created():278] file/dir created: D:\PycharmProjects\PPOimplementation\wandb\run-20230403_193747-o5ilmbe5\files\output.log
2023-04-03 19:38:11,046 DEBUG   Thread-35 :15812 [tb_watcher.py:_process_events():274] Encountered tensorboard directory watcher error: [WinError 1314] 客户端没有所需的特权。: 'D:\\PycharmProjects\\PPOimplementation\\runs\\gym_STAR\\My_Env-v1__PPOmain__1__1680521862\\events.out.tfevents.1680521888.DESKTOP-RPOI2A1.2332.0' -> 'D:\\PycharmProjects\\PPOimplementation\\wandb\\run-20230403_193747-o5ilmbe5\\files\\events.out.tfevents.1680521888.DESKTOP-RPOI2A1.2332.0'
2023-04-03 19:38:11,425 INFO    Thread-17 :15812 [dir_watcher.py:_on_file_modified():295] file/dir modified: D:\PycharmProjects\PPOimplementation\wandb\run-20230403_193747-o5ilmbe5\files\output.log
2023-04-03 19:38:22,101 DEBUG   HandlerThread:15812 [handler.py:handle_request():144] handle_request: poll_exit
2023-04-03 19:38:22,110 DEBUG   HandlerThread:15812 [handler.py:handle_request():144] handle_request: status_report
2023-04-03 19:38:22,110 DEBUG   HandlerThread:15812 [handler.py:handle_request():144] handle_request: keepalive
2023-04-03 19:38:22,110 DEBUG   HandlerThread:15812 [handler.py:handle_request():144] handle_request: status_report
2023-04-03 19:38:22,110 DEBUG   HandlerThread:15812 [handler.py:handle_request():144] handle_request: keepalive
2023-04-03 19:38:22,110 DEBUG   HandlerThread:15812 [handler.py:handle_request():144] handle_request: status_report
2023-04-03 19:38:22,523 DEBUG   SenderThread:15812 [sender.py:send_request():363] send_request: defer
2023-04-03 19:38:22,524 INFO    SenderThread:15812 [sender.py:send_request_defer():583] handle sender defer: 4
2023-04-03 19:38:22,524 INFO    SenderThread:15812 [sender.py:transition_state():587] send defer: 5
2023-04-03 19:38:22,524 DEBUG   SenderThread:15812 [sender.py:send_request():363] send_request: poll_exit
2023-04-03 19:38:22,524 DEBUG   HandlerThread:15812 [handler.py:handle_request():144] handle_request: defer
2023-04-03 19:38:22,524 INFO    HandlerThread:15812 [handler.py:handle_request_defer():170] handle defer: 5
2023-04-03 19:38:22,525 DEBUG   SenderThread:15812 [sender.py:send():336] send: summary
2023-04-03 19:38:22,525 INFO    SenderThread:15812 [sender.py:_save_file():1332] saving file wandb-summary.json with policy end
2023-04-03 19:38:22,525 DEBUG   SenderThread:15812 [sender.py:send_request():363] send_request: defer
2023-04-03 19:38:22,525 INFO    SenderThread:15812 [sender.py:send_request_defer():583] handle sender defer: 5
2023-04-03 19:38:22,525 INFO    SenderThread:15812 [sender.py:transition_state():587] send defer: 6
2023-04-03 19:38:22,525 DEBUG   HandlerThread:15812 [handler.py:handle_request():144] handle_request: defer
2023-04-03 19:38:22,525 INFO    HandlerThread:15812 [handler.py:handle_request_defer():170] handle defer: 6
2023-04-03 19:38:22,526 DEBUG   SenderThread:15812 [sender.py:send_request():363] send_request: defer
2023-04-03 19:38:22,526 INFO    SenderThread:15812 [sender.py:send_request_defer():583] handle sender defer: 6
2023-04-03 19:38:22,526 INFO    SenderThread:15812 [sender.py:transition_state():587] send defer: 7
2023-04-03 19:38:22,526 DEBUG   HandlerThread:15812 [handler.py:handle_request():144] handle_request: status_report
2023-04-03 19:38:22,526 DEBUG   HandlerThread:15812 [handler.py:handle_request():144] handle_request: defer
2023-04-03 19:38:22,526 INFO    HandlerThread:15812 [handler.py:handle_request_defer():170] handle defer: 7
2023-04-03 19:38:22,527 DEBUG   SenderThread:15812 [sender.py:send_request():363] send_request: defer
2023-04-03 19:38:22,527 INFO    SenderThread:15812 [sender.py:send_request_defer():583] handle sender defer: 7
2023-04-03 19:38:22,555 INFO    Thread-17 :15812 [dir_watcher.py:_on_file_modified():295] file/dir modified: D:\PycharmProjects\PPOimplementation\wandb\run-20230403_193747-o5ilmbe5\files\config.yaml
2023-04-03 19:38:22,555 INFO    Thread-17 :15812 [dir_watcher.py:_on_file_modified():295] file/dir modified: D:\PycharmProjects\PPOimplementation\wandb\run-20230403_193747-o5ilmbe5\files\wandb-summary.json
2023-04-03 19:38:22,979 INFO    SenderThread:15812 [sender.py:transition_state():587] send defer: 8
2023-04-03 19:38:22,979 DEBUG   HandlerThread:15812 [handler.py:handle_request():144] handle_request: defer
2023-04-03 19:38:22,980 INFO    HandlerThread:15812 [handler.py:handle_request_defer():170] handle defer: 8
2023-04-03 19:38:22,981 DEBUG   SenderThread:15812 [sender.py:send_request():363] send_request: defer
2023-04-03 19:38:22,981 INFO    SenderThread:15812 [sender.py:send_request_defer():583] handle sender defer: 8
2023-04-03 19:38:23,021 INFO    SenderThread:15812 [sender.py:transition_state():587] send defer: 9
2023-04-03 19:38:23,021 DEBUG   HandlerThread:15812 [handler.py:handle_request():144] handle_request: defer
2023-04-03 19:38:23,021 INFO    HandlerThread:15812 [handler.py:handle_request_defer():170] handle defer: 9
2023-04-03 19:38:23,022 DEBUG   SenderThread:15812 [sender.py:send():336] send: artifact
2023-04-03 19:38:23,556 INFO    Thread-17 :15812 [dir_watcher.py:_on_file_modified():295] file/dir modified: D:\PycharmProjects\PPOimplementation\wandb\run-20230403_193747-o5ilmbe5\files\output.log
2023-04-03 19:38:25,140 DEBUG   HandlerThread:15812 [handler.py:handle_request():144] handle_request: keepalive
2023-04-03 19:38:30,183 DEBUG   HandlerThread:15812 [handler.py:handle_request():144] handle_request: keepalive
2023-04-03 19:38:35,232 DEBUG   HandlerThread:15812 [handler.py:handle_request():144] handle_request: keepalive
2023-04-03 19:38:36,554 INFO    wandb-upload_1:15812 [upload_job.py:push():93] Skipped uploading C:\Users\JinLab\AppData\Local\wandb\wandb\artifacts\staging\tmppzq30vrx
2023-04-03 19:38:40,277 DEBUG   HandlerThread:15812 [handler.py:handle_request():144] handle_request: keepalive
2023-04-03 19:38:45,324 DEBUG   HandlerThread:15812 [handler.py:handle_request():144] handle_request: keepalive
2023-04-03 19:38:50,383 DEBUG   HandlerThread:15812 [handler.py:handle_request():144] handle_request: keepalive
2023-04-03 19:38:55,427 DEBUG   HandlerThread:15812 [handler.py:handle_request():144] handle_request: keepalive
2023-04-03 19:38:55,880 ERROR   wandb-upload_0:15812 [internal_api.py:upload_file():2073] upload_file exception https://storage.googleapis.com/wandb-artifacts-prod/wandb_artifacts/60123947/412688525/6b735bdcd6c7e696e6dc94ae7d445f23?Expires=1680608316&GoogleAccessId=wandb-production%40appspot.gserviceaccount.com&Signature=thkauzf52%2Bx83Y4tmCkUDAwlwEzgRhqauGstGrOgjGWJJYXP2V%2FQdI2HtxaDVT7W6ZkhSj0dby9cwch94Z0hrLjqSS0NgDv5kcCcgQ1AeNgAIG4rMnNcU%2BfpLTHvhuuOnA6USZYbuDSngtaJs6jIz%2FblmhbkJra5ICM25Hp5mUsKpZdvjzEQj6K3lNrDbpHGjxkf9YjDyI%2FNByOyHx95A6VshMwRSmbqG6QJcowyXMRQp0FT3403m5Oc%2BfvFzJHbqZDDIOF7RPLobx2PMpGHNrUOM%2FpRq1dAC7ULqd2jiyGU9WdWqwgl%2F8B9QFAtD45l%2FiDqtAoO3myLqBoHezTUUw%3D%3D: ('Connection aborted.', TimeoutError(10060, '由于连接方在一段时间后没有正确答复或连接的主机没有反应，连接尝试失败。', None, 10060, None))
2023-04-03 19:38:55,880 ERROR   wandb-upload_0:15812 [internal_api.py:upload_file():2075] upload_file request headers: {'User-Agent': 'python-requests/2.28.1', 'Accept-Encoding': 'gzip, deflate', 'Accept': '*/*', 'Connection': 'keep-alive', 'Content-MD5': 'a3Nb3NbH5pbm3JSufURfIw==', 'Content-Type': 'application/json', 'Content-Length': '3175'}
2023-04-03 19:38:55,880 ERROR   wandb-upload_0:15812 [internal_api.py:upload_file():2077] upload_file response body: 
2023-04-03 19:39:00,474 DEBUG   HandlerThread:15812 [handler.py:handle_request():144] handle_request: keepalive
2023-04-03 19:39:05,503 DEBUG   HandlerThread:15812 [handler.py:handle_request():144] handle_request: keepalive
2023-04-03 19:39:10,553 DEBUG   HandlerThread:15812 [handler.py:handle_request():144] handle_request: keepalive
2023-04-03 19:39:12,920 WARNING FileStreamThread:15812 [file_stream.py:request_with_retry():670] requests_with_retry encountered retryable exception: 408 Client Error: Request Timeout for url: https://api.wandb.ai/files/aramiis/PPO_implementation/o5ilmbe5/file_stream. func: <bound method Session.post of <requests.sessions.Session object at 0x00000221EE1171C0>>, args: ('https://api.wandb.ai/files/aramiis/PPO_implementation/o5ilmbe5/file_stream',), kwargs: {'json': {'files': {'wandb-events.jsonl': {'offset': 0, 'content': ['{"system.network.sent": 7324.75, "system.network.recv": 34270.0, "system.proc.memory.availableMB": 8294.53, "system.memory": 49.08, "system.proc.memory.rssMB": 368.13, "system.proc.memory.percent": 2.26, "system.cpu": 0.0, "system.cpu.0.cpu_percent": 10.2, "system.cpu.1.cpu_percent": 5.12, "system.cpu.2.cpu_percent": 20.75, "system.cpu.3.cpu_percent": 35.52, "system.cpu.4.cpu_percent": 9.47, "system.cpu.5.cpu_percent": 4.1, "system.cpu.6.cpu_percent": 11.18, "system.cpu.7.cpu_percent": 8.43, "system.proc.cpu.threads": 9, "system.disk": 4.0, "_wandb": true, "_timestamp": 1680521889.010473, "_runtime": 21.336144}']}, 'output.log': {'offset': 0, 'content': ["ERROR 2023-04-03T11:38:10.733405 D:\\anaconda3\\envs\\STAR_DEPLOY\\lib\\site-packages\\gymnasium\\utils\\passive_env_checker.py:195: UserWarning: \x1b[33mWARN: The result returned by `env.reset()` was not a tuple of the form `(obs, info)`, where `obs` is a observation and `info` is a dictionary containing additional information. Actual type: `<class 'numpy.ndarray'>`\n", 'ERROR 2023-04-03T11:38:10.733405   logger.warn(\n', 'ERROR 2023-04-03T11:38:10.733405 D:\\anaconda3\\envs\\STAR_DEPLOY\\lib\\site-packages\\gymnasium\\utils\\passive_env_checker.py:165: UserWarning: \x1b[33mWARN: The obs returned by the `step()` method is not within the observation space.\n', 'ERROR 2023-04-03T11:38:10.733405   logger.warn(f"{pre} is not within the observation space.")\n', 'ERROR 2023-04-03T11:38:10.733405 Traceback (most recent call last):\n', 'ERROR 2023-04-03T11:38:10.733405   File "D:\\PycharmProjects\\PPOimplementation\\PPOmain.py", line 238, in <module>\n', 'ERROR 2023-04-03T11:38:10.733405     main()\n', 'ERROR 2023-04-03T11:38:10.733405   File "D:\\PycharmProjects\\PPOimplementation\\PPOmain.py", line 217, in main\n', 'ERROR 2023-04-03T11:38:10.733405     if total_steps % args.evaulate_freq == 0:\n', "ERROR 2023-04-03T11:38:10.733405 AttributeError: 'Namespace' object has no attribute 'evaulate_freq'\n"]}}, 'dropped': 0}}
2023-04-03 19:39:15,593 DEBUG   HandlerThread:15812 [handler.py:handle_request():144] handle_request: keepalive
2023-04-03 19:39:16,406 ERROR   wandb-upload_0:15812 [internal_api.py:upload_file():2073] upload_file exception https://storage.googleapis.com/wandb-artifacts-prod/wandb_artifacts/60123947/412688525/6b735bdcd6c7e696e6dc94ae7d445f23?Expires=1680608316&GoogleAccessId=wandb-production%40appspot.gserviceaccount.com&Signature=thkauzf52%2Bx83Y4tmCkUDAwlwEzgRhqauGstGrOgjGWJJYXP2V%2FQdI2HtxaDVT7W6ZkhSj0dby9cwch94Z0hrLjqSS0NgDv5kcCcgQ1AeNgAIG4rMnNcU%2BfpLTHvhuuOnA6USZYbuDSngtaJs6jIz%2FblmhbkJra5ICM25Hp5mUsKpZdvjzEQj6K3lNrDbpHGjxkf9YjDyI%2FNByOyHx95A6VshMwRSmbqG6QJcowyXMRQp0FT3403m5Oc%2BfvFzJHbqZDDIOF7RPLobx2PMpGHNrUOM%2FpRq1dAC7ULqd2jiyGU9WdWqwgl%2F8B9QFAtD45l%2FiDqtAoO3myLqBoHezTUUw%3D%3D: ('Connection aborted.', TimeoutError(10060, '由于连接方在一段时间后没有正确答复或连接的主机没有反应，连接尝试失败。', None, 10060, None))
2023-04-03 19:39:16,406 ERROR   wandb-upload_0:15812 [internal_api.py:upload_file():2075] upload_file request headers: {'User-Agent': 'python-requests/2.28.1', 'Accept-Encoding': 'gzip, deflate', 'Accept': '*/*', 'Connection': 'keep-alive', 'Content-MD5': 'a3Nb3NbH5pbm3JSufURfIw==', 'Content-Type': 'application/json', 'Content-Length': '3175'}
2023-04-03 19:39:16,406 ERROR   wandb-upload_0:15812 [internal_api.py:upload_file():2077] upload_file response body: 
2023-04-03 19:39:20,626 DEBUG   HandlerThread:15812 [handler.py:handle_request():144] handle_request: keepalive
2023-04-03 19:39:25,669 DEBUG   HandlerThread:15812 [handler.py:handle_request():144] handle_request: keepalive
2023-04-03 19:39:30,709 DEBUG   HandlerThread:15812 [handler.py:handle_request():144] handle_request: keepalive
2023-04-03 19:39:35,659 WARNING FileStreamThread:15812 [file_stream.py:request_with_retry():670] requests_with_retry encountered retryable exception: ('Connection aborted.', TimeoutError(10060, '由于连接方在一段时间后没有正确答复或连接的主机没有反应，连接尝试失败。', None, 10060, None)). func: <bound method Session.post of <requests.sessions.Session object at 0x00000221EE1171C0>>, args: ('https://api.wandb.ai/files/aramiis/PPO_implementation/o5ilmbe5/file_stream',), kwargs: {'json': {'files': {'wandb-events.jsonl': {'offset': 0, 'content': ['{"system.network.sent": 7324.75, "system.network.recv": 34270.0, "system.proc.memory.availableMB": 8294.53, "system.memory": 49.08, "system.proc.memory.rssMB": 368.13, "system.proc.memory.percent": 2.26, "system.cpu": 0.0, "system.cpu.0.cpu_percent": 10.2, "system.cpu.1.cpu_percent": 5.12, "system.cpu.2.cpu_percent": 20.75, "system.cpu.3.cpu_percent": 35.52, "system.cpu.4.cpu_percent": 9.47, "system.cpu.5.cpu_percent": 4.1, "system.cpu.6.cpu_percent": 11.18, "system.cpu.7.cpu_percent": 8.43, "system.proc.cpu.threads": 9, "system.disk": 4.0, "_wandb": true, "_timestamp": 1680521889.010473, "_runtime": 21.336144}']}, 'output.log': {'offset': 0, 'content': ["ERROR 2023-04-03T11:38:10.733405 D:\\anaconda3\\envs\\STAR_DEPLOY\\lib\\site-packages\\gymnasium\\utils\\passive_env_checker.py:195: UserWarning: \x1b[33mWARN: The result returned by `env.reset()` was not a tuple of the form `(obs, info)`, where `obs` is a observation and `info` is a dictionary containing additional information. Actual type: `<class 'numpy.ndarray'>`\n", 'ERROR 2023-04-03T11:38:10.733405   logger.warn(\n', 'ERROR 2023-04-03T11:38:10.733405 D:\\anaconda3\\envs\\STAR_DEPLOY\\lib\\site-packages\\gymnasium\\utils\\passive_env_checker.py:165: UserWarning: \x1b[33mWARN: The obs returned by the `step()` method is not within the observation space.\n', 'ERROR 2023-04-03T11:38:10.733405   logger.warn(f"{pre} is not within the observation space.")\n', 'ERROR 2023-04-03T11:38:10.733405 Traceback (most recent call last):\n', 'ERROR 2023-04-03T11:38:10.733405   File "D:\\PycharmProjects\\PPOimplementation\\PPOmain.py", line 238, in <module>\n', 'ERROR 2023-04-03T11:38:10.733405     main()\n', 'ERROR 2023-04-03T11:38:10.733405   File "D:\\PycharmProjects\\PPOimplementation\\PPOmain.py", line 217, in main\n', 'ERROR 2023-04-03T11:38:10.733405     if total_steps % args.evaulate_freq == 0:\n', "ERROR 2023-04-03T11:38:10.733405 AttributeError: 'Namespace' object has no attribute 'evaulate_freq'\n"]}}, 'dropped': 0}}
2023-04-03 19:39:35,783 DEBUG   HandlerThread:15812 [handler.py:handle_request():144] handle_request: keepalive
2023-04-03 19:39:37,958 ERROR   wandb-upload_0:15812 [internal_api.py:upload_file():2073] upload_file exception https://storage.googleapis.com/wandb-artifacts-prod/wandb_artifacts/60123947/412688525/6b735bdcd6c7e696e6dc94ae7d445f23?Expires=1680608316&GoogleAccessId=wandb-production%40appspot.gserviceaccount.com&Signature=thkauzf52%2Bx83Y4tmCkUDAwlwEzgRhqauGstGrOgjGWJJYXP2V%2FQdI2HtxaDVT7W6ZkhSj0dby9cwch94Z0hrLjqSS0NgDv5kcCcgQ1AeNgAIG4rMnNcU%2BfpLTHvhuuOnA6USZYbuDSngtaJs6jIz%2FblmhbkJra5ICM25Hp5mUsKpZdvjzEQj6K3lNrDbpHGjxkf9YjDyI%2FNByOyHx95A6VshMwRSmbqG6QJcowyXMRQp0FT3403m5Oc%2BfvFzJHbqZDDIOF7RPLobx2PMpGHNrUOM%2FpRq1dAC7ULqd2jiyGU9WdWqwgl%2F8B9QFAtD45l%2FiDqtAoO3myLqBoHezTUUw%3D%3D: ('Connection aborted.', TimeoutError(10060, '由于连接方在一段时间后没有正确答复或连接的主机没有反应，连接尝试失败。', None, 10060, None))
2023-04-03 19:39:37,958 ERROR   wandb-upload_0:15812 [internal_api.py:upload_file():2075] upload_file request headers: {'User-Agent': 'python-requests/2.28.1', 'Accept-Encoding': 'gzip, deflate', 'Accept': '*/*', 'Connection': 'keep-alive', 'Content-MD5': 'a3Nb3NbH5pbm3JSufURfIw==', 'Content-Type': 'application/json', 'Content-Length': '3175'}
2023-04-03 19:39:37,958 ERROR   wandb-upload_0:15812 [internal_api.py:upload_file():2077] upload_file response body: 
2023-04-03 19:39:37,959 INFO    wandb-upload_0:15812 [retry.py:__call__():172] Retry attempt failed:
Traceback (most recent call last):
  File "D:\anaconda3\envs\STAR_DEPLOY\lib\site-packages\urllib3\connectionpool.py", line 703, in urlopen
    httplib_response = self._make_request(
  File "D:\anaconda3\envs\STAR_DEPLOY\lib\site-packages\urllib3\connectionpool.py", line 449, in _make_request
    six.raise_from(e, None)
  File "<string>", line 3, in raise_from
  File "D:\anaconda3\envs\STAR_DEPLOY\lib\site-packages\urllib3\connectionpool.py", line 444, in _make_request
    httplib_response = conn.getresponse()
  File "D:\anaconda3\envs\STAR_DEPLOY\lib\http\client.py", line 1348, in getresponse
    response.begin()
  File "D:\anaconda3\envs\STAR_DEPLOY\lib\http\client.py", line 316, in begin
    version, status, reason = self._read_status()
  File "D:\anaconda3\envs\STAR_DEPLOY\lib\http\client.py", line 277, in _read_status
    line = str(self.fp.readline(_MAXLINE + 1), "iso-8859-1")
  File "D:\anaconda3\envs\STAR_DEPLOY\lib\socket.py", line 669, in readinto
    return self._sock.recv_into(b)
  File "D:\anaconda3\envs\STAR_DEPLOY\lib\ssl.py", line 1241, in recv_into
    return self.read(nbytes, buffer)
  File "D:\anaconda3\envs\STAR_DEPLOY\lib\ssl.py", line 1099, in read
    return self._sslobj.read(len, buffer)
TimeoutError: [WinError 10060] 由于连接方在一段时间后没有正确答复或连接的主机没有反应，连接尝试失败。

During handling of the above exception, another exception occurred:

Traceback (most recent call last):
  File "D:\anaconda3\envs\STAR_DEPLOY\lib\site-packages\requests\adapters.py", line 489, in send
    resp = conn.urlopen(
  File "D:\anaconda3\envs\STAR_DEPLOY\lib\site-packages\urllib3\connectionpool.py", line 787, in urlopen
    retries = retries.increment(
  File "D:\anaconda3\envs\STAR_DEPLOY\lib\site-packages\urllib3\util\retry.py", line 550, in increment
    raise six.reraise(type(error), error, _stacktrace)
  File "D:\anaconda3\envs\STAR_DEPLOY\lib\site-packages\urllib3\packages\six.py", line 769, in reraise
    raise value.with_traceback(tb)
  File "D:\anaconda3\envs\STAR_DEPLOY\lib\site-packages\urllib3\connectionpool.py", line 703, in urlopen
    httplib_response = self._make_request(
  File "D:\anaconda3\envs\STAR_DEPLOY\lib\site-packages\urllib3\connectionpool.py", line 449, in _make_request
    six.raise_from(e, None)
  File "<string>", line 3, in raise_from
  File "D:\anaconda3\envs\STAR_DEPLOY\lib\site-packages\urllib3\connectionpool.py", line 444, in _make_request
    httplib_response = conn.getresponse()
  File "D:\anaconda3\envs\STAR_DEPLOY\lib\http\client.py", line 1348, in getresponse
    response.begin()
  File "D:\anaconda3\envs\STAR_DEPLOY\lib\http\client.py", line 316, in begin
    version, status, reason = self._read_status()
  File "D:\anaconda3\envs\STAR_DEPLOY\lib\http\client.py", line 277, in _read_status
    line = str(self.fp.readline(_MAXLINE + 1), "iso-8859-1")
  File "D:\anaconda3\envs\STAR_DEPLOY\lib\socket.py", line 669, in readinto
    return self._sock.recv_into(b)
  File "D:\anaconda3\envs\STAR_DEPLOY\lib\ssl.py", line 1241, in recv_into
    return self.read(nbytes, buffer)
  File "D:\anaconda3\envs\STAR_DEPLOY\lib\ssl.py", line 1099, in read
    return self._sslobj.read(len, buffer)
urllib3.exceptions.ProtocolError: ('Connection aborted.', TimeoutError(10060, '由于连接方在一段时间后没有正确答复或连接的主机没有反应，连接尝试失败。', None, 10060, None))

During handling of the above exception, another exception occurred:

Traceback (most recent call last):
  File "D:\anaconda3\envs\STAR_DEPLOY\lib\site-packages\wandb\sdk\internal\internal_api.py", line 2068, in upload_file
    response = self._upload_file_session.put(
  File "D:\anaconda3\envs\STAR_DEPLOY\lib\site-packages\requests\sessions.py", line 647, in put
    return self.request("PUT", url, data=data, **kwargs)
  File "D:\anaconda3\envs\STAR_DEPLOY\lib\site-packages\requests\sessions.py", line 587, in request
    resp = self.send(prep, **send_kwargs)
  File "D:\anaconda3\envs\STAR_DEPLOY\lib\site-packages\requests\sessions.py", line 701, in send
    r = adapter.send(request, **kwargs)
  File "D:\anaconda3\envs\STAR_DEPLOY\lib\site-packages\requests\adapters.py", line 547, in send
    raise ConnectionError(err, request=request)
requests.exceptions.ConnectionError: ('Connection aborted.', TimeoutError(10060, '由于连接方在一段时间后没有正确答复或连接的主机没有反应，连接尝试失败。', None, 10060, None))

During handling of the above exception, another exception occurred:

Traceback (most recent call last):
  File "D:\anaconda3\envs\STAR_DEPLOY\lib\site-packages\wandb\sdk\lib\retry.py", line 131, in __call__
    result = self._call_fn(*args, **kwargs)
  File "D:\anaconda3\envs\STAR_DEPLOY\lib\site-packages\wandb\sdk\internal\internal_api.py", line 2097, in upload_file
    raise _e.with_traceback(sys.exc_info()[2])
  File "D:\anaconda3\envs\STAR_DEPLOY\lib\site-packages\wandb\sdk\internal\internal_api.py", line 2068, in upload_file
    response = self._upload_file_session.put(
  File "D:\anaconda3\envs\STAR_DEPLOY\lib\site-packages\requests\sessions.py", line 647, in put
    return self.request("PUT", url, data=data, **kwargs)
  File "D:\anaconda3\envs\STAR_DEPLOY\lib\site-packages\requests\sessions.py", line 587, in request
    resp = self.send(prep, **send_kwargs)
  File "D:\anaconda3\envs\STAR_DEPLOY\lib\site-packages\requests\sessions.py", line 701, in send
    r = adapter.send(request, **kwargs)
  File "D:\anaconda3\envs\STAR_DEPLOY\lib\site-packages\requests\adapters.py", line 547, in send
    raise ConnectionError(err, request=request)
wandb.sdk.lib.retry.TransientError: None
2023-04-03 19:39:40,829 DEBUG   HandlerThread:15812 [handler.py:handle_request():144] handle_request: keepalive
2023-04-03 19:39:45,845 DEBUG   HandlerThread:15812 [handler.py:handle_request():144] handle_request: keepalive
2023-04-03 19:39:50,862 DEBUG   HandlerThread:15812 [handler.py:handle_request():144] handle_request: keepalive
2023-04-03 19:39:55,913 DEBUG   HandlerThread:15812 [handler.py:handle_request():144] handle_request: keepalive
2023-04-03 19:40:00,906 WARNING FileStreamThread:15812 [file_stream.py:request_with_retry():670] requests_with_retry encountered retryable exception: ('Connection aborted.', TimeoutError(10060, '由于连接方在一段时间后没有正确答复或连接的主机没有反应，连接尝试失败。', None, 10060, None)). func: <bound method Session.post of <requests.sessions.Session object at 0x00000221EE1171C0>>, args: ('https://api.wandb.ai/files/aramiis/PPO_implementation/o5ilmbe5/file_stream',), kwargs: {'json': {'files': {'wandb-events.jsonl': {'offset': 0, 'content': ['{"system.network.sent": 7324.75, "system.network.recv": 34270.0, "system.proc.memory.availableMB": 8294.53, "system.memory": 49.08, "system.proc.memory.rssMB": 368.13, "system.proc.memory.percent": 2.26, "system.cpu": 0.0, "system.cpu.0.cpu_percent": 10.2, "system.cpu.1.cpu_percent": 5.12, "system.cpu.2.cpu_percent": 20.75, "system.cpu.3.cpu_percent": 35.52, "system.cpu.4.cpu_percent": 9.47, "system.cpu.5.cpu_percent": 4.1, "system.cpu.6.cpu_percent": 11.18, "system.cpu.7.cpu_percent": 8.43, "system.proc.cpu.threads": 9, "system.disk": 4.0, "_wandb": true, "_timestamp": 1680521889.010473, "_runtime": 21.336144}']}, 'output.log': {'offset': 0, 'content': ["ERROR 2023-04-03T11:38:10.733405 D:\\anaconda3\\envs\\STAR_DEPLOY\\lib\\site-packages\\gymnasium\\utils\\passive_env_checker.py:195: UserWarning: \x1b[33mWARN: The result returned by `env.reset()` was not a tuple of the form `(obs, info)`, where `obs` is a observation and `info` is a dictionary containing additional information. Actual type: `<class 'numpy.ndarray'>`\n", 'ERROR 2023-04-03T11:38:10.733405   logger.warn(\n', 'ERROR 2023-04-03T11:38:10.733405 D:\\anaconda3\\envs\\STAR_DEPLOY\\lib\\site-packages\\gymnasium\\utils\\passive_env_checker.py:165: UserWarning: \x1b[33mWARN: The obs returned by the `step()` method is not within the observation space.\n', 'ERROR 2023-04-03T11:38:10.733405   logger.warn(f"{pre} is not within the observation space.")\n', 'ERROR 2023-04-03T11:38:10.733405 Traceback (most recent call last):\n', 'ERROR 2023-04-03T11:38:10.733405   File "D:\\PycharmProjects\\PPOimplementation\\PPOmain.py", line 238, in <module>\n', 'ERROR 2023-04-03T11:38:10.733405     main()\n', 'ERROR 2023-04-03T11:38:10.733405   File "D:\\PycharmProjects\\PPOimplementation\\PPOmain.py", line 217, in main\n', 'ERROR 2023-04-03T11:38:10.733405     if total_steps % args.evaulate_freq == 0:\n', "ERROR 2023-04-03T11:38:10.733405 AttributeError: 'Namespace' object has no attribute 'evaulate_freq'\n"]}}, 'dropped': 0}}
2023-04-03 19:40:00,936 DEBUG   HandlerThread:15812 [handler.py:handle_request():144] handle_request: keepalive
2023-04-03 19:40:01,764 ERROR   wandb-upload_0:15812 [internal_api.py:upload_file():2073] upload_file exception https://storage.googleapis.com/wandb-artifacts-prod/wandb_artifacts/60123947/412688525/6b735bdcd6c7e696e6dc94ae7d445f23?Expires=1680608316&GoogleAccessId=wandb-production%40appspot.gserviceaccount.com&Signature=thkauzf52%2Bx83Y4tmCkUDAwlwEzgRhqauGstGrOgjGWJJYXP2V%2FQdI2HtxaDVT7W6ZkhSj0dby9cwch94Z0hrLjqSS0NgDv5kcCcgQ1AeNgAIG4rMnNcU%2BfpLTHvhuuOnA6USZYbuDSngtaJs6jIz%2FblmhbkJra5ICM25Hp5mUsKpZdvjzEQj6K3lNrDbpHGjxkf9YjDyI%2FNByOyHx95A6VshMwRSmbqG6QJcowyXMRQp0FT3403m5Oc%2BfvFzJHbqZDDIOF7RPLobx2PMpGHNrUOM%2FpRq1dAC7ULqd2jiyGU9WdWqwgl%2F8B9QFAtD45l%2FiDqtAoO3myLqBoHezTUUw%3D%3D: ('Connection aborted.', TimeoutError(10060, '由于连接方在一段时间后没有正确答复或连接的主机没有反应，连接尝试失败。', None, 10060, None))
2023-04-03 19:40:01,764 ERROR   wandb-upload_0:15812 [internal_api.py:upload_file():2075] upload_file request headers: {'User-Agent': 'python-requests/2.28.1', 'Accept-Encoding': 'gzip, deflate', 'Accept': '*/*', 'Connection': 'keep-alive', 'Content-MD5': 'a3Nb3NbH5pbm3JSufURfIw==', 'Content-Type': 'application/json', 'Content-Length': '3175'}
2023-04-03 19:40:01,765 ERROR   wandb-upload_0:15812 [internal_api.py:upload_file():2077] upload_file response body: 
2023-04-03 19:40:05,956 DEBUG   HandlerThread:15812 [handler.py:handle_request():144] handle_request: keepalive
2023-04-03 19:40:11,008 DEBUG   HandlerThread:15812 [handler.py:handle_request():144] handle_request: keepalive
2023-04-03 19:40:11,071 INFO    wandb-upload_0:15812 [upload_job.py:push():96] Uploaded file C:\Users\JinLab\AppData\Local\wandb\wandb\artifacts\staging\tmpcmxfnxu9
2023-04-03 19:40:14,835 INFO    SenderThread:15812 [sender.py:send_artifact():1428] sent artifact job-https___github.com_Porthoos_PPOimplementation.git_PPOmain.py - {'id': 'QXJ0aWZhY3Q6NDEyNjg4NTI1', 'digest': 'abfa98a722eaea99063682fb3a48d155', 'state': 'PENDING', 'aliases': [], 'artifactSequence': {'id': 'QXJ0aWZhY3RDb2xsZWN0aW9uOjYwMTIzOTQ3', 'latestArtifact': {'id': 'QXJ0aWZhY3Q6NDEyNTg2NDI2', 'versionIndex': 0}}, 'version': 'latest'}
2023-04-03 19:40:14,835 DEBUG   SenderThread:15812 [sender.py:send_request():363] send_request: defer
2023-04-03 19:40:14,835 INFO    SenderThread:15812 [sender.py:send_request_defer():583] handle sender defer: 9
2023-04-03 19:40:14,835 INFO    SenderThread:15812 [dir_watcher.py:finish():365] shutting down directory watcher
2023-04-03 19:40:14,835 DEBUG   HandlerThread:15812 [handler.py:handle_request():144] handle_request: status_report
2023-04-03 19:40:15,362 INFO    SenderThread:15812 [dir_watcher.py:finish():395] scan: D:\PycharmProjects\PPOimplementation\wandb\run-20230403_193747-o5ilmbe5\files
2023-04-03 19:40:15,363 INFO    SenderThread:15812 [dir_watcher.py:finish():409] scan save: D:\PycharmProjects\PPOimplementation\wandb\run-20230403_193747-o5ilmbe5\files\conda-environment.yaml conda-environment.yaml
2023-04-03 19:40:15,364 INFO    SenderThread:15812 [dir_watcher.py:finish():409] scan save: D:\PycharmProjects\PPOimplementation\wandb\run-20230403_193747-o5ilmbe5\files\config.yaml config.yaml
2023-04-03 19:40:15,365 INFO    SenderThread:15812 [dir_watcher.py:finish():409] scan save: D:\PycharmProjects\PPOimplementation\wandb\run-20230403_193747-o5ilmbe5\files\output.log output.log
2023-04-03 19:40:15,371 INFO    SenderThread:15812 [dir_watcher.py:finish():409] scan save: D:\PycharmProjects\PPOimplementation\wandb\run-20230403_193747-o5ilmbe5\files\requirements.txt requirements.txt
2023-04-03 19:40:15,371 INFO    SenderThread:15812 [dir_watcher.py:finish():409] scan save: D:\PycharmProjects\PPOimplementation\wandb\run-20230403_193747-o5ilmbe5\files\wandb-metadata.json wandb-metadata.json
2023-04-03 19:40:15,372 INFO    SenderThread:15812 [dir_watcher.py:finish():409] scan save: D:\PycharmProjects\PPOimplementation\wandb\run-20230403_193747-o5ilmbe5\files\wandb-summary.json wandb-summary.json
2023-04-03 19:40:15,378 INFO    SenderThread:15812 [dir_watcher.py:finish():409] scan save: D:\PycharmProjects\PPOimplementation\wandb\run-20230403_193747-o5ilmbe5\files\code\PPOmain.py code\PPOmain.py
2023-04-03 19:40:15,378 INFO    SenderThread:15812 [sender.py:transition_state():587] send defer: 10
2023-04-03 19:40:15,378 DEBUG   HandlerThread:15812 [handler.py:handle_request():144] handle_request: defer
2023-04-03 19:40:15,378 INFO    HandlerThread:15812 [handler.py:handle_request_defer():170] handle defer: 10
2023-04-03 19:40:15,381 DEBUG   SenderThread:15812 [sender.py:send_request():363] send_request: defer
2023-04-03 19:40:15,381 INFO    SenderThread:15812 [sender.py:send_request_defer():583] handle sender defer: 10
2023-04-03 19:40:15,381 INFO    SenderThread:15812 [file_pusher.py:finish():164] shutting down file pusher
2023-04-03 19:40:16,051 DEBUG   HandlerThread:15812 [handler.py:handle_request():144] handle_request: keepalive
2023-04-03 19:40:16,373 INFO    wandb-upload_2:15812 [upload_job.py:push():138] Uploaded file D:\PycharmProjects\PPOimplementation\wandb\run-20230403_193747-o5ilmbe5\files\output.log
2023-04-03 19:40:16,376 INFO    wandb-upload_4:15812 [upload_job.py:push():138] Uploaded file D:\PycharmProjects\PPOimplementation\wandb\run-20230403_193747-o5ilmbe5\files\wandb-summary.json
2023-04-03 19:40:20,424 DEBUG   HandlerThread:15812 [handler.py:handle_request():144] handle_request: status_report
2023-04-03 19:40:21,096 DEBUG   HandlerThread:15812 [handler.py:handle_request():144] handle_request: keepalive
2023-04-03 19:40:25,445 DEBUG   HandlerThread:15812 [handler.py:handle_request():144] handle_request: status_report
2023-04-03 19:40:26,104 DEBUG   HandlerThread:15812 [handler.py:handle_request():144] handle_request: keepalive
2023-04-03 19:40:30,494 DEBUG   HandlerThread:15812 [handler.py:handle_request():144] handle_request: status_report
2023-04-03 19:40:31,147 DEBUG   HandlerThread:15812 [handler.py:handle_request():144] handle_request: keepalive
2023-04-03 19:40:35,067 ERROR   wandb-upload_0:15812 [internal_api.py:upload_file():2073] upload_file exception https://storage.googleapis.com/wandb-production.appspot.com/aramiis/PPO_implementation/o5ilmbe5/config.yaml?Expires=1680608415&GoogleAccessId=wandb-production%40appspot.gserviceaccount.com&Signature=HoFjhkJjJ0n7NYdYxn93SYvvObTzwcoDhzu%2BG17WZt0FM8xI47nZ92al8CH9K%2BjA9zzRzBHF%2BRAKNi3sp1GX2y66NEXcgRZcK9udzksNcHBVWdeUP1wJa1Bx4UcB86DqLus1dA5ipwLR%2BiBJ%2FK9V2tCeSw0TPs94GHZTTahy3JkNP7CvZrms%2BngNKCJ3FudA2JP5tXqXFXgEsYhvCcTRJ7OrNvkaemGNeFNv5oQzECsANXmtONr1giv6%2BHnLaGWCyYSKwRbKWSqoa%2F%2BIIFnbTUKInMo9ici2SO8FXBO09%2FVZD%2B8AO8TwfzXn0TO8ByrYilsgdm%2Bx3DHgYS%2FUptJQZg%3D%3D: ('Connection aborted.', TimeoutError(10060, '由于连接方在一段时间后没有正确答复或连接的主机没有反应，连接尝试失败。', None, 10060, None))
2023-04-03 19:40:35,067 ERROR   wandb-upload_0:15812 [internal_api.py:upload_file():2075] upload_file request headers: {'User-Agent': 'python-requests/2.28.1', 'Accept-Encoding': 'gzip, deflate', 'Accept': '*/*', 'Connection': 'keep-alive', 'Content-Length': '1665'}
2023-04-03 19:40:35,068 ERROR   wandb-upload_0:15812 [internal_api.py:upload_file():2077] upload_file response body: 
2023-04-03 19:40:35,550 DEBUG   HandlerThread:15812 [handler.py:handle_request():144] handle_request: status_report
2023-04-03 19:40:35,926 ERROR   wandb-upload_1:15812 [internal_api.py:upload_file():2073] upload_file exception https://storage.googleapis.com/wandb-production.appspot.com/aramiis/PPO_implementation/o5ilmbe5/conda-environment.yaml?Expires=1680608416&GoogleAccessId=wandb-production%40appspot.gserviceaccount.com&Signature=ilaNs1CKPmrwkXHe3J7%2FTuMXA65xNJ%2BZWzEmPfBHfzuNWXiALQxtg8Ums2Q82DRImliR37QWZ4FRJ2%2Fdl8weuJ0Np6Pk%2B9znlwV%2Fg0IzTLFcd0nNUIJDUEutpxoRt1DMG1Gi7K63mD9rjUSh2l1zY%2FEnmWnK6vIbdTe6c8vxe7lTIdgoJJHoh2sO17%2FCP9IivVYc6p16ZcaNsEjs0IMn7nJ8Hq%2F5hO8O%2F6NdYN6vr42d8N3LRhcu9HUILZyZtCOYTuxZQIkz0WZpV%2BbjTdmEJa0d7L43GlDN10LSH4SUrpk1SwaQCz6rR91m%2Ff3IAoGPlo4yf9lX34o74PS6B5EOSg%3D%3D: ('Connection aborted.', TimeoutError(10060, '由于连接方在一段时间后没有正确答复或连接的主机没有反应，连接尝试失败。', None, 10060, None))
2023-04-03 19:40:35,926 ERROR   wandb-upload_1:15812 [internal_api.py:upload_file():2075] upload_file request headers: {'User-Agent': 'python-requests/2.28.1', 'Accept-Encoding': 'gzip, deflate', 'Accept': '*/*', 'Connection': 'keep-alive', 'Content-Length': '3668'}
2023-04-03 19:40:35,926 ERROR   wandb-upload_1:15812 [internal_api.py:upload_file():2077] upload_file response body: 
2023-04-03 19:40:36,190 DEBUG   HandlerThread:15812 [handler.py:handle_request():144] handle_request: keepalive
2023-04-03 19:40:36,408 ERROR   wandb-upload_3:15812 [internal_api.py:upload_file():2073] upload_file exception https://storage.googleapis.com/wandb-production.appspot.com/aramiis/PPO_implementation/o5ilmbe5/requirements.txt?Expires=1680608415&GoogleAccessId=wandb-production%40appspot.gserviceaccount.com&Signature=ZRR9J09wpMj3lJsURyxhDtFupIkoGZ5H7XGJZh%2B%2FTvcxb5VsnhRato%2BK7BZ0K0nH5mOAkNTRAQC966h4hD%2FE0rL08rh6Ju45gUTUGki0SZKdQBxImR1%2FjlyZLZiw4P7BS82t4NFF713jdx%2FqXdSRXmqKr8VnO6UvHzPZOOXjNUBfuOsVnr0e71iItmFUz0E6d9idixKC2wZDcPWhYToTbWxa4IpCT%2FOMqHz%2Baq4rrHFipilU77cJqurV4hy%2F4MU8cc4%2Bb1498c1eHTn6fZu6PfR7tGV5dlUegZ58l7FPab3ot8TiHKPqVD%2FsQlOl4E1WkhVS3WxlAHJ8YV%2Flm5oxZw%3D%3D: ('Connection aborted.', TimeoutError(10060, '由于连接方在一段时间后没有正确答复或连接的主机没有反应，连接尝试失败。', None, 10060, None))
2023-04-03 19:40:36,409 ERROR   wandb-upload_3:15812 [internal_api.py:upload_file():2075] upload_file request headers: {'User-Agent': 'python-requests/2.28.1', 'Accept-Encoding': 'gzip, deflate', 'Accept': '*/*', 'Connection': 'keep-alive', 'Content-Length': '2298'}
2023-04-03 19:40:36,409 ERROR   wandb-upload_3:15812 [internal_api.py:upload_file():2077] upload_file response body: 
2023-04-03 19:40:36,725 INFO    wandb-upload_0:15812 [upload_job.py:push():138] Uploaded file D:\PycharmProjects\PPOimplementation\wandb\run-20230403_193747-o5ilmbe5\files\config.yaml
2023-04-03 19:40:37,423 INFO    wandb-upload_1:15812 [upload_job.py:push():138] Uploaded file D:\PycharmProjects\PPOimplementation\wandb\run-20230403_193747-o5ilmbe5\files\conda-environment.yaml
2023-04-03 19:40:37,875 INFO    wandb-upload_3:15812 [upload_job.py:push():138] Uploaded file D:\PycharmProjects\PPOimplementation\wandb\run-20230403_193747-o5ilmbe5\files\requirements.txt
2023-04-03 19:40:38,081 INFO    Thread-16 :15812 [sender.py:transition_state():587] send defer: 11
2023-04-03 19:40:38,081 DEBUG   HandlerThread:15812 [handler.py:handle_request():144] handle_request: defer
2023-04-03 19:40:38,081 INFO    HandlerThread:15812 [handler.py:handle_request_defer():170] handle defer: 11
2023-04-03 19:40:38,082 DEBUG   SenderThread:15812 [sender.py:send_request():363] send_request: defer
2023-04-03 19:40:38,082 INFO    SenderThread:15812 [sender.py:send_request_defer():583] handle sender defer: 11
2023-04-03 19:40:38,083 INFO    SenderThread:15812 [file_pusher.py:join():169] waiting for file pusher
2023-04-03 19:40:38,083 INFO    SenderThread:15812 [sender.py:transition_state():587] send defer: 12
2023-04-03 19:40:38,083 DEBUG   HandlerThread:15812 [handler.py:handle_request():144] handle_request: defer
2023-04-03 19:40:38,084 INFO    HandlerThread:15812 [handler.py:handle_request_defer():170] handle defer: 12
2023-04-03 19:40:38,085 DEBUG   SenderThread:15812 [sender.py:send_request():363] send_request: defer
2023-04-03 19:40:38,085 INFO    SenderThread:15812 [sender.py:send_request_defer():583] handle sender defer: 12
2023-04-03 19:40:41,234 DEBUG   HandlerThread:15812 [handler.py:handle_request():144] handle_request: keepalive
2023-04-03 19:40:46,260 DEBUG   HandlerThread:15812 [handler.py:handle_request():144] handle_request: keepalive
2023-04-03 19:40:51,334 DEBUG   HandlerThread:15812 [handler.py:handle_request():144] handle_request: keepalive
2023-04-03 19:40:56,379 DEBUG   HandlerThread:15812 [handler.py:handle_request():144] handle_request: keepalive
2023-04-03 19:41:01,437 DEBUG   HandlerThread:15812 [handler.py:handle_request():144] handle_request: keepalive
2023-04-03 19:41:06,458 DEBUG   HandlerThread:15812 [handler.py:handle_request():144] handle_request: keepalive
2023-04-03 19:41:10,092 WARNING FileStreamThread:15812 [file_stream.py:request_with_retry():670] requests_with_retry encountered retryable exception: 408 Client Error: Request Timeout for url: https://api.wandb.ai/files/aramiis/PPO_implementation/o5ilmbe5/file_stream. func: <bound method Session.post of <requests.sessions.Session object at 0x00000221EE1171C0>>, args: ('https://api.wandb.ai/files/aramiis/PPO_implementation/o5ilmbe5/file_stream',), kwargs: {'json': {'files': {'wandb-events.jsonl': {'offset': 0, 'content': ['{"system.network.sent": 7324.75, "system.network.recv": 34270.0, "system.proc.memory.availableMB": 8294.53, "system.memory": 49.08, "system.proc.memory.rssMB": 368.13, "system.proc.memory.percent": 2.26, "system.cpu": 0.0, "system.cpu.0.cpu_percent": 10.2, "system.cpu.1.cpu_percent": 5.12, "system.cpu.2.cpu_percent": 20.75, "system.cpu.3.cpu_percent": 35.52, "system.cpu.4.cpu_percent": 9.47, "system.cpu.5.cpu_percent": 4.1, "system.cpu.6.cpu_percent": 11.18, "system.cpu.7.cpu_percent": 8.43, "system.proc.cpu.threads": 9, "system.disk": 4.0, "_wandb": true, "_timestamp": 1680521889.010473, "_runtime": 21.336144}']}, 'output.log': {'offset': 0, 'content': ["ERROR 2023-04-03T11:38:10.733405 D:\\anaconda3\\envs\\STAR_DEPLOY\\lib\\site-packages\\gymnasium\\utils\\passive_env_checker.py:195: UserWarning: \x1b[33mWARN: The result returned by `env.reset()` was not a tuple of the form `(obs, info)`, where `obs` is a observation and `info` is a dictionary containing additional information. Actual type: `<class 'numpy.ndarray'>`\n", 'ERROR 2023-04-03T11:38:10.733405   logger.warn(\n', 'ERROR 2023-04-03T11:38:10.733405 D:\\anaconda3\\envs\\STAR_DEPLOY\\lib\\site-packages\\gymnasium\\utils\\passive_env_checker.py:165: UserWarning: \x1b[33mWARN: The obs returned by the `step()` method is not within the observation space.\n', 'ERROR 2023-04-03T11:38:10.733405   logger.warn(f"{pre} is not within the observation space.")\n', 'ERROR 2023-04-03T11:38:10.733405 Traceback (most recent call last):\n', 'ERROR 2023-04-03T11:38:10.733405   File "D:\\PycharmProjects\\PPOimplementation\\PPOmain.py", line 238, in <module>\n', 'ERROR 2023-04-03T11:38:10.733405     main()\n', 'ERROR 2023-04-03T11:38:10.733405   File "D:\\PycharmProjects\\PPOimplementation\\PPOmain.py", line 217, in main\n', 'ERROR 2023-04-03T11:38:10.733405     if total_steps % args.evaulate_freq == 0:\n', "ERROR 2023-04-03T11:38:10.733405 AttributeError: 'Namespace' object has no attribute 'evaulate_freq'\n"]}}, 'dropped': 0}}
2023-04-03 19:41:11,502 DEBUG   HandlerThread:15812 [handler.py:handle_request():144] handle_request: keepalive
2023-04-03 19:41:16,555 DEBUG   HandlerThread:15812 [handler.py:handle_request():144] handle_request: keepalive
2023-04-03 19:41:21,589 DEBUG   HandlerThread:15812 [handler.py:handle_request():144] handle_request: keepalive
2023-04-03 19:41:26,633 DEBUG   HandlerThread:15812 [handler.py:handle_request():144] handle_request: keepalive
2023-04-03 19:41:31,684 DEBUG   HandlerThread:15812 [handler.py:handle_request():144] handle_request: keepalive
2023-04-03 19:41:36,738 DEBUG   HandlerThread:15812 [handler.py:handle_request():144] handle_request: keepalive
2023-04-03 19:41:41,770 DEBUG   HandlerThread:15812 [handler.py:handle_request():144] handle_request: keepalive
2023-04-03 19:41:46,824 DEBUG   HandlerThread:15812 [handler.py:handle_request():144] handle_request: keepalive
2023-04-03 19:41:49,199 WARNING FileStreamThread:15812 [file_stream.py:request_with_retry():670] requests_with_retry encountered retryable exception: ('Connection aborted.', TimeoutError(10060, '由于连接方在一段时间后没有正确答复或连接的主机没有反应，连接尝试失败。', None, 10060, None)). func: <bound method Session.post of <requests.sessions.Session object at 0x00000221EE1171C0>>, args: ('https://api.wandb.ai/files/aramiis/PPO_implementation/o5ilmbe5/file_stream',), kwargs: {'json': {'files': {'wandb-events.jsonl': {'offset': 0, 'content': ['{"system.network.sent": 7324.75, "system.network.recv": 34270.0, "system.proc.memory.availableMB": 8294.53, "system.memory": 49.08, "system.proc.memory.rssMB": 368.13, "system.proc.memory.percent": 2.26, "system.cpu": 0.0, "system.cpu.0.cpu_percent": 10.2, "system.cpu.1.cpu_percent": 5.12, "system.cpu.2.cpu_percent": 20.75, "system.cpu.3.cpu_percent": 35.52, "system.cpu.4.cpu_percent": 9.47, "system.cpu.5.cpu_percent": 4.1, "system.cpu.6.cpu_percent": 11.18, "system.cpu.7.cpu_percent": 8.43, "system.proc.cpu.threads": 9, "system.disk": 4.0, "_wandb": true, "_timestamp": 1680521889.010473, "_runtime": 21.336144}']}, 'output.log': {'offset': 0, 'content': ["ERROR 2023-04-03T11:38:10.733405 D:\\anaconda3\\envs\\STAR_DEPLOY\\lib\\site-packages\\gymnasium\\utils\\passive_env_checker.py:195: UserWarning: \x1b[33mWARN: The result returned by `env.reset()` was not a tuple of the form `(obs, info)`, where `obs` is a observation and `info` is a dictionary containing additional information. Actual type: `<class 'numpy.ndarray'>`\n", 'ERROR 2023-04-03T11:38:10.733405   logger.warn(\n', 'ERROR 2023-04-03T11:38:10.733405 D:\\anaconda3\\envs\\STAR_DEPLOY\\lib\\site-packages\\gymnasium\\utils\\passive_env_checker.py:165: UserWarning: \x1b[33mWARN: The obs returned by the `step()` method is not within the observation space.\n', 'ERROR 2023-04-03T11:38:10.733405   logger.warn(f"{pre} is not within the observation space.")\n', 'ERROR 2023-04-03T11:38:10.733405 Traceback (most recent call last):\n', 'ERROR 2023-04-03T11:38:10.733405   File "D:\\PycharmProjects\\PPOimplementation\\PPOmain.py", line 238, in <module>\n', 'ERROR 2023-04-03T11:38:10.733405     main()\n', 'ERROR 2023-04-03T11:38:10.733405   File "D:\\PycharmProjects\\PPOimplementation\\PPOmain.py", line 217, in main\n', 'ERROR 2023-04-03T11:38:10.733405     if total_steps % args.evaulate_freq == 0:\n', "ERROR 2023-04-03T11:38:10.733405 AttributeError: 'Namespace' object has no attribute 'evaulate_freq'\n"]}}, 'dropped': 0}}
2023-04-03 19:41:51,858 DEBUG   HandlerThread:15812 [handler.py:handle_request():144] handle_request: keepalive
2023-04-03 19:41:56,891 DEBUG   HandlerThread:15812 [handler.py:handle_request():144] handle_request: keepalive
2023-04-03 19:42:01,921 DEBUG   HandlerThread:15812 [handler.py:handle_request():144] handle_request: keepalive
2023-04-03 19:42:06,979 DEBUG   HandlerThread:15812 [handler.py:handle_request():144] handle_request: keepalive
2023-04-03 19:42:12,046 DEBUG   HandlerThread:15812 [handler.py:handle_request():144] handle_request: keepalive
2023-04-03 19:42:17,089 DEBUG   HandlerThread:15812 [handler.py:handle_request():144] handle_request: keepalive
2023-04-03 19:42:22,133 DEBUG   HandlerThread:15812 [handler.py:handle_request():144] handle_request: keepalive
2023-04-03 19:42:26,933 INFO    SenderThread:15812 [sender.py:transition_state():587] send defer: 13
2023-04-03 19:42:26,933 DEBUG   HandlerThread:15812 [handler.py:handle_request():144] handle_request: defer
2023-04-03 19:42:26,933 INFO    HandlerThread:15812 [handler.py:handle_request_defer():170] handle defer: 13
2023-04-03 19:42:26,934 DEBUG   HandlerThread:15812 [handler.py:handle_request():144] handle_request: status_report
2023-04-03 19:42:26,934 DEBUG   SenderThread:15812 [sender.py:send_request():363] send_request: defer
2023-04-03 19:42:26,934 INFO    SenderThread:15812 [sender.py:send_request_defer():583] handle sender defer: 13
2023-04-03 19:42:26,934 INFO    SenderThread:15812 [sender.py:transition_state():587] send defer: 14
2023-04-03 19:42:26,935 DEBUG   HandlerThread:15812 [handler.py:handle_request():144] handle_request: defer
2023-04-03 19:42:26,935 INFO    HandlerThread:15812 [handler.py:handle_request_defer():170] handle defer: 14
2023-04-03 19:42:26,936 DEBUG   SenderThread:15812 [sender.py:send():336] send: final
2023-04-03 19:42:26,936 DEBUG   SenderThread:15812 [sender.py:send():336] send: footer
2023-04-03 19:42:26,936 DEBUG   SenderThread:15812 [sender.py:send_request():363] send_request: defer
2023-04-03 19:42:26,936 INFO    SenderThread:15812 [sender.py:send_request_defer():583] handle sender defer: 14
2023-04-03 19:42:26,937 DEBUG   HandlerThread:15812 [handler.py:handle_request():144] handle_request: poll_exit
2023-04-03 19:42:26,937 DEBUG   HandlerThread:15812 [handler.py:handle_request():144] handle_request: server_info
2023-04-03 19:42:26,937 DEBUG   HandlerThread:15812 [handler.py:handle_request():144] handle_request: get_summary
2023-04-03 19:42:26,938 DEBUG   HandlerThread:15812 [handler.py:handle_request():144] handle_request: sampled_history
2023-04-03 19:42:26,938 DEBUG   SenderThread:15812 [sender.py:send_request():363] send_request: poll_exit
2023-04-03 19:42:26,939 DEBUG   SenderThread:15812 [sender.py:send_request():363] send_request: server_info
2023-04-03 19:42:27,229 INFO    MainThread:15812 [wandb_run.py:_footer_history_summary_info():3422] rendering history
2023-04-03 19:42:27,229 INFO    MainThread:15812 [wandb_run.py:_footer_history_summary_info():3454] rendering summary
2023-04-03 19:42:27,230 INFO    MainThread:15812 [wandb_run.py:_footer_sync_info():3380] logging synced files
2023-04-03 19:42:27,230 DEBUG   HandlerThread:15812 [handler.py:handle_request():144] handle_request: shutdown
2023-04-03 19:42:27,230 INFO    HandlerThread:15812 [handler.py:finish():842] shutting down handler
2023-04-03 19:42:27,951 INFO    WriterThread:15812 [datastore.py:close():298] close: D:\PycharmProjects\PPOimplementation\wandb\run-20230403_193747-o5ilmbe5\run-o5ilmbe5.wandb
2023-04-03 19:42:28,233 INFO    SenderThread:15812 [sender.py:finish():1504] shutting down sender
2023-04-03 19:42:28,234 INFO    SenderThread:15812 [file_pusher.py:finish():164] shutting down file pusher
2023-04-03 19:42:28,234 INFO    SenderThread:15812 [file_pusher.py:join():169] waiting for file pusher
